# JRE version: OpenJDK Runtime Environment (17.0.11) (build 17.0.11+0--11852314)
# Java VM: OpenJDK 64-Bit Server VM (17.0.11+0--11852314, mixed mode, tiered, compressed oops, compressed class ptrs, g1 gc, windows-amd64)
GC Precious Log:
 CPUs: 4 total, 4 available
 Memory: 8094M
 Large Page Support: Disabled
 NUMA Support: Disabled
 Compressed Oops: Enabled (Zero based)
 Heap Region Size: 2M
 Heap Min Capacity: 8M
 Heap Initial Capacity: 128M
 Heap Max Capacity: 4G
 Pre-touch: Disabled
 Parallel Workers: 4
 Concurrent Workers: 1
 Concurrent Refinement Workers: 4
 Periodic GC: Disabled
Heap:
 garbage-first heap   total 684032K, used 422674K [0x0000000700000000, 0x0000000800000000)
  region size 2048K, 4 young (8192K), 4 survivors (8192K)
 Metaspace       used 167025K, committed 168576K, reserved 1245184K
  class space    used 22165K, committed 22848K, reserved 1048576K
GC Heap History (20 events):
Event: 148.099 GC heap after
{Heap after GC invocations=61 (full 0):
 garbage-first heap   total 608256K, used 332620K [0x0000000700000000, 0x0000000800000000)
  region size 2048K, 16 young (32768K), 16 survivors (32768K)
 Metaspace       used 159760K, committed 161344K, reserved 1245184K
  class space    used 21389K, committed 22080K, reserved 1048576K
}
Event: 149.744 GC heap before
{Heap before GC invocations=61 (full 0):
 garbage-first heap   total 608256K, used 478028K [0x0000000700000000, 0x0000000800000000)
  region size 2048K, 87 young (178176K), 16 survivors (32768K)
 Metaspace       used 161551K, committed 163200K, reserved 1245184K
  class space    used 21553K, committed 22272K, reserved 1048576K
}
Event: 149.869 GC heap after
{Heap after GC invocations=62 (full 0):
 garbage-first heap   total 608256K, used 366592K [0x0000000700000000, 0x0000000800000000)
  region size 2048K, 11 young (22528K), 11 survivors (22528K)
 Metaspace       used 161551K, committed 163200K, reserved 1245184K
  class space    used 21553K, committed 22272K, reserved 1048576K
}
Event: 151.410 GC heap before
{Heap before GC invocations=62 (full 0):
 garbage-first heap   total 608256K, used 481280K [0x0000000700000000, 0x0000000800000000)
  region size 2048K, 67 young (137216K), 11 survivors (22528K)
 Metaspace       used 164077K, committed 165632K, reserved 1245184K
  class space    used 21855K, committed 22528K, reserved 1048576K
}
Event: 151.473 GC heap after
{Heap after GC invocations=63 (full 0):
 garbage-first heap   total 608256K, used 379904K [0x0000000700000000, 0x0000000800000000)
  region size 2048K, 6 young (12288K), 6 survivors (12288K)
 Metaspace       used 164077K, committed 165632K, reserved 1245184K
  class space    used 21855K, committed 22528K, reserved 1048576K
}
Event: 155.044 GC heap before
{Heap before GC invocations=64 (full 0):
 garbage-first heap   total 684032K, used 480256K [0x0000000700000000, 0x0000000800000000)
  region size 2048K, 60 young (122880K), 6 survivors (12288K)
 Metaspace       used 164053K, committed 165824K, reserved 1245184K
  class space    used 21839K, committed 22592K, reserved 1048576K
}
Event: 155.083 GC heap after
{Heap after GC invocations=65 (full 0):
 garbage-first heap   total 684032K, used 378496K [0x0000000700000000, 0x0000000800000000)
  region size 2048K, 6 young (12288K), 6 survivors (12288K)
 Metaspace       used 164053K, committed 165824K, reserved 1245184K
  class space    used 21839K, committed 22592K, reserved 1048576K
}
Event: 155.337 GC heap before
{Heap before GC invocations=65 (full 0):
 garbage-first heap   total 684032K, used 398976K [0x0000000700000000, 0x0000000800000000)
  region size 2048K, 16 young (32768K), 6 survivors (12288K)
 Metaspace       used 164071K, committed 165824K, reserved 1245184K
  class space    used 21843K, committed 22592K, reserved 1048576K
}
Event: 155.366 GC heap after
{Heap after GC invocations=66 (full 0):
 garbage-first heap   total 684032K, used 374779K [0x0000000700000000, 0x0000000800000000)
  region size 2048K, 2 young (4096K), 2 survivors (4096K)
 Metaspace       used 164071K, committed 165824K, reserved 1245184K
  class space    used 21843K, committed 22592K, reserved 1048576K
}
Event: 156.893 GC heap before
{Heap before GC invocations=66 (full 0):
 garbage-first heap   total 684032K, used 546811K [0x0000000700000000, 0x0000000800000000)
  region size 2048K, 85 young (174080K), 2 survivors (4096K)
 Metaspace       used 164699K, committed 166272K, reserved 1245184K
  class space    used 21903K, committed 22592K, reserved 1048576K
}
Event: 156.917 GC heap after
{Heap after GC invocations=67 (full 0):
 garbage-first heap   total 684032K, used 386207K [0x0000000700000000, 0x0000000800000000)
  region size 2048K, 6 young (12288K), 6 survivors (12288K)
 Metaspace       used 164699K, committed 166272K, reserved 1245184K
  class space    used 21903K, committed 22592K, reserved 1048576K
}
Event: 158.006 GC heap before
{Heap before GC invocations=67 (full 0):
 garbage-first heap   total 684032K, used 556191K [0x0000000700000000, 0x0000000800000000)
  region size 2048K, 88 young (180224K), 6 survivors (12288K)
 Metaspace       used 166481K, committed 168064K, reserved 1245184K
  class space    used 22116K, committed 22848K, reserved 1048576K
}
Event: 158.029 GC heap after
{Heap after GC invocations=68 (full 0):
 garbage-first heap   total 684032K, used 394920K [0x0000000700000000, 0x0000000800000000)
  region size 2048K, 9 young (18432K), 9 survivors (18432K)
 Metaspace       used 166481K, committed 168064K, reserved 1245184K
  class space    used 22116K, committed 22848K, reserved 1048576K
}
Event: 159.265 GC heap before
{Heap before GC invocations=68 (full 0):
 garbage-first heap   total 684032K, used 558760K [0x0000000700000000, 0x0000000800000000)
  region size 2048K, 89 young (182272K), 9 survivors (18432K)
 Metaspace       used 166655K, committed 168256K, reserved 1245184K
  class space    used 22119K, committed 22848K, reserved 1048576K
}
Event: 159.297 GC heap after
{Heap after GC invocations=69 (full 0):
 garbage-first heap   total 684032K, used 407633K [0x0000000700000000, 0x0000000800000000)
  region size 2048K, 12 young (24576K), 12 survivors (24576K)
 Metaspace       used 166655K, committed 168256K, reserved 1245184K
  class space    used 22119K, committed 22848K, reserved 1048576K
}
Event: 159.733 GC heap before
{Heap before GC invocations=69 (full 0):
 garbage-first heap   total 684032K, used 561233K [0x0000000700000000, 0x0000000800000000)
  region size 2048K, 87 young (178176K), 12 survivors (24576K)
 Metaspace       used 166959K, committed 168512K, reserved 1245184K
  class space    used 22163K, committed 22848K, reserved 1048576K
}
Event: 159.763 GC heap after
{Heap after GC invocations=70 (full 0):
 garbage-first heap   total 684032K, used 412160K [0x0000000700000000, 0x0000000800000000)
  region size 2048K, 3 young (6144K), 3 survivors (6144K)
 Metaspace       used 166959K, committed 168512K, reserved 1245184K
  class space    used 22163K, committed 22848K, reserved 1048576K
}
Event: 159.781 GC heap before
{Heap before GC invocations=70 (full 0):
 garbage-first heap   total 684032K, used 416256K [0x0000000700000000, 0x0000000800000000)
  region size 2048K, 6 young (12288K), 3 survivors (6144K)
 Metaspace       used 167003K, committed 168576K, reserved 1245184K
  class space    used 22163K, committed 22848K, reserved 1048576K
}
Event: 159.791 GC heap after
{Heap after GC invocations=71 (full 0):
 garbage-first heap   total 684032K, used 411927K [0x0000000700000000, 0x0000000800000000)
  region size 2048K, 3 young (6144K), 3 survivors (6144K)
 Metaspace       used 167003K, committed 168576K, reserved 1245184K
  class space    used 22163K, committed 22848K, reserved 1048576K
}
Event: 159.840 GC heap before
{Heap before GC invocations=71 (full 0):
 garbage-first heap   total 684032K, used 432407K [0x0000000700000000, 0x0000000800000000)
  region size 2048K, 10 young (20480K), 3 survivors (6144K)
 Metaspace       used 167025K, committed 168576K, reserved 1245184K
  class space    used 22165K, committed 22848K, reserved 1048576K
}

