# JRE version: OpenJDK Runtime Environment (17.0.11) (build 17.0.11+0--11852314)
# Java VM: OpenJDK 64-Bit Server VM (17.0.11+0--11852314, mixed mode, tiered, compressed oops, compressed class ptrs, g1 gc, windows-amd64)
GC Precious Log:
 CPUs: 4 total, 4 available
 Memory: 8094M
 Large Page Support: Disabled
 NUMA Support: Disabled
 Compressed Oops: Enabled (Zero based)
 Heap Region Size: 2M
 Heap Min Capacity: 8M
 Heap Initial Capacity: 128M
 Heap Max Capacity: 4G
 Pre-touch: Disabled
 Parallel Workers: 4
 Concurrent Workers: 1
 Concurrent Refinement Workers: 4
 Periodic GC: Disabled
Heap:
 garbage-first heap   total 323584K, used 232625K [0x0000000700000000, 0x0000000800000000)
  region size 2048K, 26 young (53248K), 3 survivors (6144K)
 Metaspace       used 112314K, committed 113472K, reserved 1179648K
  class space    used 15411K, committed 15936K, reserved 1048576K
GC Heap History (20 events):
Event: 34.807 GC heap before
{Heap before GC invocations=48 (full 0):
 garbage-first heap   total 192512K, used 155810K [0x0000000700000000, 0x0000000800000000)
  region size 2048K, 27 young (55296K), 4 survivors (8192K)
 Metaspace       used 98529K, committed 99328K, reserved 1179648K
  class space    used 13587K, committed 13952K, reserved 1048576K
}
Event: 34.826 GC heap after
{Heap after GC invocations=49 (full 0):
 garbage-first heap   total 192512K, used 120950K [0x0000000700000000, 0x0000000800000000)
  region size 2048K, 4 young (8192K), 4 survivors (8192K)
 Metaspace       used 98529K, committed 99328K, reserved 1179648K
  class space    used 13587K, committed 13952K, reserved 1048576K
}
Event: 35.964 GC heap before
{Heap before GC invocations=50 (full 0):
 garbage-first heap   total 223232K, used 151670K [0x0000000700000000, 0x0000000800000000)
  region size 2048K, 20 young (40960K), 4 survivors (8192K)
 Metaspace       used 99605K, committed 100416K, reserved 1179648K
  class space    used 13793K, committed 14144K, reserved 1048576K
}
Event: 35.979 GC heap after
{Heap after GC invocations=51 (full 0):
 garbage-first heap   total 223232K, used 128570K [0x0000000700000000, 0x0000000800000000)
  region size 2048K, 3 young (6144K), 3 survivors (6144K)
 Metaspace       used 99605K, committed 100416K, reserved 1179648K
  class space    used 13793K, committed 14144K, reserved 1048576K
}
Event: 37.811 GC heap before
{Heap before GC invocations=51 (full 0):
 garbage-first heap   total 223232K, used 177722K [0x0000000700000000, 0x0000000800000000)
  region size 2048K, 26 young (53248K), 3 survivors (6144K)
 Metaspace       used 100135K, committed 100928K, reserved 1179648K
  class space    used 13847K, committed 14208K, reserved 1048576K
}
Event: 37.828 GC heap after
{Heap after GC invocations=52 (full 0):
 garbage-first heap   total 268288K, used 145326K [0x0000000700000000, 0x0000000800000000)
  region size 2048K, 4 young (8192K), 4 survivors (8192K)
 Metaspace       used 100135K, committed 100928K, reserved 1179648K
  class space    used 13847K, committed 14208K, reserved 1048576K
}
Event: 39.634 GC heap before
{Heap before GC invocations=52 (full 0):
 garbage-first heap   total 268288K, used 202670K [0x0000000700000000, 0x0000000800000000)
  region size 2048K, 32 young (65536K), 4 survivors (8192K)
 Metaspace       used 100927K, committed 101888K, reserved 1179648K
  class space    used 13946K, committed 14336K, reserved 1048576K
}
Event: 39.658 GC heap after
{Heap after GC invocations=53 (full 0):
 garbage-first heap   total 268288K, used 156000K [0x0000000700000000, 0x0000000800000000)
  region size 2048K, 4 young (8192K), 4 survivors (8192K)
 Metaspace       used 100927K, committed 101888K, reserved 1179648K
  class space    used 13946K, committed 14336K, reserved 1048576K
}
Event: 41.231 GC heap before
{Heap before GC invocations=53 (full 0):
 garbage-first heap   total 268288K, used 207200K [0x0000000700000000, 0x0000000800000000)
  region size 2048K, 29 young (59392K), 4 survivors (8192K)
 Metaspace       used 101647K, committed 102656K, reserved 1179648K
  class space    used 14034K, committed 14464K, reserved 1048576K
}
Event: 41.265 GC heap after
{Heap after GC invocations=54 (full 0):
 garbage-first heap   total 268288K, used 164899K [0x0000000700000000, 0x0000000800000000)
  region size 2048K, 4 young (8192K), 4 survivors (8192K)
 Metaspace       used 101647K, committed 102656K, reserved 1179648K
  class space    used 14034K, committed 14464K, reserved 1048576K
}
Event: 42.774 GC heap before
{Heap before GC invocations=54 (full 0):
 garbage-first heap   total 268288K, used 212003K [0x0000000700000000, 0x0000000800000000)
  region size 2048K, 27 young (55296K), 4 survivors (8192K)
 Metaspace       used 105578K, committed 106560K, reserved 1179648K
  class space    used 14639K, committed 15040K, reserved 1048576K
}
Event: 42.791 GC heap after
{Heap after GC invocations=55 (full 0):
 garbage-first heap   total 268288K, used 168899K [0x0000000700000000, 0x0000000800000000)
  region size 2048K, 2 young (4096K), 2 survivors (4096K)
 Metaspace       used 105578K, committed 106560K, reserved 1179648K
  class space    used 14639K, committed 15040K, reserved 1048576K
}
Event: 44.447 GC heap before
{Heap before GC invocations=55 (full 0):
 garbage-first heap   total 268288K, used 216003K [0x0000000700000000, 0x0000000800000000)
  region size 2048K, 25 young (51200K), 2 survivors (4096K)
 Metaspace       used 108806K, committed 109824K, reserved 1179648K
  class space    used 15044K, committed 15488K, reserved 1048576K
}
Event: 44.471 GC heap after
{Heap after GC invocations=56 (full 0):
 garbage-first heap   total 268288K, used 173022K [0x0000000700000000, 0x0000000800000000)
  region size 2048K, 4 young (8192K), 4 survivors (8192K)
 Metaspace       used 108806K, committed 109824K, reserved 1179648K
  class space    used 15044K, committed 15488K, reserved 1048576K
}
Event: 45.405 GC heap before
{Heap before GC invocations=56 (full 0):
 garbage-first heap   total 268288K, used 218078K [0x0000000700000000, 0x0000000800000000)
  region size 2048K, 26 young (53248K), 4 survivors (8192K)
 Metaspace       used 110130K, committed 111232K, reserved 1179648K
  class space    used 15212K, committed 15680K, reserved 1048576K
}
Event: 45.457 GC heap after
{Heap after GC invocations=57 (full 0):
 garbage-first heap   total 323584K, used 180582K [0x0000000700000000, 0x0000000800000000)
  region size 2048K, 4 young (8192K), 4 survivors (8192K)
 Metaspace       used 110130K, committed 111232K, reserved 1179648K
  class space    used 15212K, committed 15680K, reserved 1048576K
}
Event: 48.715 GC heap before
{Heap before GC invocations=57 (full 0):
 garbage-first heap   total 323584K, used 256358K [0x0000000700000000, 0x0000000800000000)
  region size 2048K, 41 young (83968K), 4 survivors (8192K)
 Metaspace       used 112309K, committed 113472K, reserved 1179648K
  class space    used 15411K, committed 15936K, reserved 1048576K
}
Event: 48.734 GC heap after
{Heap after GC invocations=58 (full 0):
 garbage-first heap   total 323584K, used 187090K [0x0000000700000000, 0x0000000800000000)
  region size 2048K, 3 young (6144K), 3 survivors (6144K)
 Metaspace       used 112309K, committed 113472K, reserved 1179648K
  class space    used 15411K, committed 15936K, reserved 1048576K
}
Event: 49.104 GC heap before
{Heap before GC invocations=58 (full 0):
 garbage-first heap   total 323584K, used 256722K [0x0000000700000000, 0x0000000800000000)
  region size 2048K, 37 young (75776K), 3 survivors (6144K)
 Metaspace       used 112310K, committed 113472K, reserved 1179648K
  class space    used 15411K, committed 15936K, reserved 1048576K
}
Event: 49.113 GC heap after
{Heap after GC invocations=59 (full 0):
 garbage-first heap   total 323584K, used 187569K [0x0000000700000000, 0x0000000800000000)
  region size 2048K, 3 young (6144K), 3 survivors (6144K)
 Metaspace       used 112310K, committed 113472K, reserved 1179648K
  class space    used 15411K, committed 15936K, reserved 1048576K
}

