# JRE version: OpenJDK Runtime Environment (17.0.11) (build 17.0.11+0--11852314)
# Java VM: OpenJDK 64-Bit Server VM (17.0.11+0--11852314, mixed mode, tiered, compressed oops, compressed class ptrs, g1 gc, windows-amd64)
GC Precious Log:
 CPUs: 4 total, 4 available
 Memory: 8094M
 Large Page Support: Disabled
 NUMA Support: Disabled
 Compressed Oops: Enabled (Zero based)
 Heap Region Size: 2M
 Heap Min Capacity: 8M
 Heap Initial Capacity: 128M
 Heap Max Capacity: 4G
 Pre-touch: Disabled
 Parallel Workers: 4
 Concurrent Workers: 1
 Concurrent Refinement Workers: 4
 Periodic GC: Disabled
Heap:
 garbage-first heap   total 876544K, used 712966K [0x0000000700000000, 0x0000000800000000)
  region size 2048K, 83 young (169984K), 4 survivors (8192K)
 Metaspace       used 172139K, committed 173696K, reserved 1245184K
  class space    used 22779K, committed 23488K, reserved 1048576K
GC Heap History (20 events):
Event: 103.173 GC heap before
{Heap before GC invocations=64 (full 0):
 garbage-first heap   total 645120K, used 512947K [0x0000000700000000, 0x0000000800000000)
  region size 2048K, 58 young (118784K), 2 survivors (4096K)
 Metaspace       used 140586K, committed 142016K, reserved 1179648K
  class space    used 18827K, committed 19456K, reserved 1048576K
}
Event: 103.203 GC heap after
{Heap after GC invocations=65 (full 0):
 garbage-first heap   total 645120K, used 248549K [0x0000000700000000, 0x0000000800000000)
  region size 2048K, 8 young (16384K), 8 survivors (16384K)
 Metaspace       used 140586K, committed 142016K, reserved 1179648K
  class space    used 18827K, committed 19456K, reserved 1048576K
}
Event: 103.558 GC heap before
{Heap before GC invocations=65 (full 0):
 garbage-first heap   total 645120K, used 260837K [0x0000000700000000, 0x0000000800000000)
  region size 2048K, 15 young (30720K), 8 survivors (16384K)
 Metaspace       used 141694K, committed 143168K, reserved 1179648K
  class space    used 19007K, committed 19648K, reserved 1048576K
}
Event: 103.578 GC heap after
{Heap after GC invocations=66 (full 0):
 garbage-first heap   total 645120K, used 249262K [0x0000000700000000, 0x0000000800000000)
  region size 2048K, 2 young (4096K), 2 survivors (4096K)
 Metaspace       used 141694K, committed 143168K, reserved 1179648K
  class space    used 19007K, committed 19648K, reserved 1048576K
}
Event: 106.404 GC heap before
{Heap before GC invocations=66 (full 0):
 garbage-first heap   total 645120K, used 572846K [0x0000000700000000, 0x0000000800000000)
  region size 2048K, 142 young (290816K), 2 survivors (4096K)
 Metaspace       used 154744K, committed 156224K, reserved 1245184K
  class space    used 20984K, committed 21632K, reserved 1048576K
}
Event: 106.556 GC heap after
{Heap after GC invocations=67 (full 0):
 garbage-first heap   total 649216K, used 327538K [0x0000000700000000, 0x0000000800000000)
  region size 2048K, 18 young (36864K), 18 survivors (36864K)
 Metaspace       used 154744K, committed 156224K, reserved 1245184K
  class space    used 20984K, committed 21632K, reserved 1048576K
}
Event: 108.439 GC heap before
{Heap before GC invocations=67 (full 0):
 garbage-first heap   total 649216K, used 499570K [0x0000000700000000, 0x0000000800000000)
  region size 2048K, 103 young (210944K), 18 survivors (36864K)
 Metaspace       used 158877K, committed 160320K, reserved 1245184K
  class space    used 21464K, committed 22080K, reserved 1048576K
}
Event: 108.563 GC heap after
{Heap after GC invocations=68 (full 0):
 garbage-first heap   total 649216K, used 337920K [0x0000000700000000, 0x0000000800000000)
  region size 2048K, 5 young (10240K), 5 survivors (10240K)
 Metaspace       used 158877K, committed 160320K, reserved 1245184K
  class space    used 21464K, committed 22080K, reserved 1048576K
}
Event: 110.130 GC heap before
{Heap before GC invocations=68 (full 0):
 garbage-first heap   total 649216K, used 526336K [0x0000000700000000, 0x0000000800000000)
  region size 2048K, 91 young (186368K), 5 survivors (10240K)
 Metaspace       used 159900K, committed 161408K, reserved 1245184K
  class space    used 21540K, committed 22208K, reserved 1048576K
}
Event: 110.164 GC heap after
{Heap after GC invocations=69 (full 0):
 garbage-first heap   total 876544K, used 353024K [0x0000000700000000, 0x0000000800000000)
  region size 2048K, 9 young (18432K), 9 survivors (18432K)
 Metaspace       used 159900K, committed 161408K, reserved 1245184K
  class space    used 21540K, committed 22208K, reserved 1048576K
}
Event: 113.609 GC heap before
{Heap before GC invocations=69 (full 0):
 garbage-first heap   total 876544K, used 699136K [0x0000000700000000, 0x0000000800000000)
  region size 2048K, 176 young (360448K), 9 survivors (18432K)
 Metaspace       used 161670K, committed 163200K, reserved 1245184K
  class space    used 21663K, committed 22336K, reserved 1048576K
}
Event: 113.670 GC heap after
{Heap after GC invocations=70 (full 0):
 garbage-first heap   total 876544K, used 376832K [0x0000000700000000, 0x0000000800000000)
  region size 2048K, 18 young (36864K), 18 survivors (36864K)
 Metaspace       used 161670K, committed 163200K, reserved 1245184K
  class space    used 21663K, committed 22336K, reserved 1048576K
}
Event: 120.412 GC heap before
{Heap before GC invocations=70 (full 0):
 garbage-first heap   total 876544K, used 729088K [0x0000000700000000, 0x0000000800000000)
  region size 2048K, 174 young (356352K), 18 survivors (36864K)
 Metaspace       used 163737K, committed 165248K, reserved 1245184K
  class space    used 21897K, committed 22528K, reserved 1048576K
}
Event: 120.447 GC heap after
{Heap after GC invocations=71 (full 0):
 garbage-first heap   total 876544K, used 347398K [0x0000000700000000, 0x0000000800000000)
  region size 2048K, 3 young (6144K), 3 survivors (6144K)
 Metaspace       used 163737K, committed 165248K, reserved 1245184K
  class space    used 21897K, committed 22528K, reserved 1048576K
}
Event: 123.315 GC heap before
{Heap before GC invocations=71 (full 0):
 garbage-first heap   total 876544K, used 709894K [0x0000000700000000, 0x0000000800000000)
  region size 2048K, 179 young (366592K), 3 survivors (6144K)
 Metaspace       used 165181K, committed 166656K, reserved 1245184K
  class space    used 22045K, committed 22656K, reserved 1048576K
}
Event: 123.344 GC heap after
{Heap after GC invocations=72 (full 0):
 garbage-first heap   total 876544K, used 366457K [0x0000000700000000, 0x0000000800000000)
  region size 2048K, 11 young (22528K), 11 survivors (22528K)
 Metaspace       used 165181K, committed 166656K, reserved 1245184K
  class space    used 22045K, committed 22656K, reserved 1048576K
}
Event: 127.176 GC heap before
{Heap before GC invocations=72 (full 0):
 garbage-first heap   total 876544K, used 716665K [0x0000000700000000, 0x0000000800000000)
  region size 2048K, 163 young (333824K), 11 survivors (22528K)
 Metaspace       used 167739K, committed 169344K, reserved 1245184K
  class space    used 22343K, committed 23040K, reserved 1048576K
}
Event: 127.205 GC heap after
{Heap after GC invocations=73 (full 0):
 garbage-first heap   total 876544K, used 375934K [0x0000000700000000, 0x0000000800000000)
  region size 2048K, 5 young (10240K), 5 survivors (10240K)
 Metaspace       used 167739K, committed 169344K, reserved 1245184K
  class space    used 22343K, committed 23040K, reserved 1048576K
}
Event: 127.474 GC heap before
{Heap before GC invocations=73 (full 0):
 garbage-first heap   total 876544K, used 443518K [0x0000000700000000, 0x0000000800000000)
  region size 2048K, 8 young (16384K), 5 survivors (10240K)
 Metaspace       used 167758K, committed 169344K, reserved 1245184K
  class space    used 22344K, committed 23040K, reserved 1048576K
}
Event: 127.486 GC heap after
{Heap after GC invocations=74 (full 0):
 garbage-first heap   total 876544K, used 440582K [0x0000000700000000, 0x0000000800000000)
  region size 2048K, 4 young (8192K), 4 survivors (8192K)
 Metaspace       used 167758K, committed 169344K, reserved 1245184K
  class space    used 22344K, committed 23040K, reserved 1048576K
}

