# JRE version: OpenJDK Runtime Environment (17.0.11) (build 17.0.11+0--11852314)
# Java VM: OpenJDK 64-Bit Server VM (17.0.11+0--11852314, mixed mode, tiered, compressed oops, compressed class ptrs, g1 gc, windows-amd64)
GC Precious Log:
 CPUs: 4 total, 4 available
 Memory: 8094M
 Large Page Support: Disabled
 NUMA Support: Disabled
 Compressed Oops: Enabled (Zero based)
 Heap Region Size: 2M
 Heap Min Capacity: 8M
 Heap Initial Capacity: 128M
 Heap Max Capacity: 4G
 Pre-touch: Disabled
 Parallel Workers: 4
 Concurrent Workers: 1
 Concurrent Refinement Workers: 4
 Periodic GC: Disabled
Heap:
 garbage-first heap   total 157696K, used 100352K [0x0000000700000000, 0x0000000800000000)
  region size 2048K, 7 young (14336K), 3 survivors (6144K)
 Metaspace       used 84811K, committed 85504K, reserved 1179648K
  class space    used 11488K, committed 11776K, reserved 1048576K
GC Heap History (20 events):
Event: 20.950 GC heap before
{Heap before GC invocations=37 (full 0):
 garbage-first heap   total 116736K, used 83236K [0x0000000700000000, 0x0000000800000000)
  region size 2048K, 10 young (20480K), 1 survivors (2048K)
 Metaspace       used 70980K, committed 71616K, reserved 1114112K
  class space    used 9809K, committed 10112K, reserved 1048576K
}
Event: 20.952 GC heap after
{Heap after GC invocations=38 (full 0):
 garbage-first heap   total 116736K, used 66257K [0x0000000700000000, 0x0000000800000000)
  region size 2048K, 2 young (4096K), 2 survivors (4096K)
 Metaspace       used 70980K, committed 71616K, reserved 1114112K
  class space    used 9809K, committed 10112K, reserved 1048576K
}
Event: 21.426 GC heap before
{Heap before GC invocations=39 (full 0):
 garbage-first heap   total 120832K, used 82641K [0x0000000700000000, 0x0000000800000000)
  region size 2048K, 11 young (22528K), 2 survivors (4096K)
 Metaspace       used 72891K, committed 73472K, reserved 1114112K
  class space    used 9988K, committed 10240K, reserved 1048576K
}
Event: 21.429 GC heap after
{Heap after GC invocations=40 (full 0):
 garbage-first heap   total 120832K, used 66566K [0x0000000700000000, 0x0000000800000000)
  region size 2048K, 1 young (2048K), 1 survivors (2048K)
 Metaspace       used 72891K, committed 73472K, reserved 1114112K
  class space    used 9988K, committed 10240K, reserved 1048576K
}
Event: 22.005 GC heap before
{Heap before GC invocations=40 (full 0):
 garbage-first heap   total 120832K, used 89094K [0x0000000700000000, 0x0000000800000000)
  region size 2048K, 12 young (24576K), 1 survivors (2048K)
 Metaspace       used 75015K, committed 75648K, reserved 1114112K
  class space    used 10228K, committed 10560K, reserved 1048576K
}
Event: 22.010 GC heap after
{Heap after GC invocations=41 (full 0):
 garbage-first heap   total 145408K, used 67440K [0x0000000700000000, 0x0000000800000000)
  region size 2048K, 2 young (4096K), 2 survivors (4096K)
 Metaspace       used 75015K, committed 75648K, reserved 1114112K
  class space    used 10228K, committed 10560K, reserved 1048576K
}
Event: 22.998 GC heap before
{Heap before GC invocations=42 (full 0):
 garbage-first heap   total 145408K, used 102256K [0x0000000700000000, 0x0000000800000000)
  region size 2048K, 20 young (40960K), 2 survivors (4096K)
 Metaspace       used 77564K, committed 78272K, reserved 1179648K
  class space    used 10548K, committed 10880K, reserved 1048576K
}
Event: 23.006 GC heap after
{Heap after GC invocations=43 (full 0):
 garbage-first heap   total 145408K, used 71549K [0x0000000700000000, 0x0000000800000000)
  region size 2048K, 3 young (6144K), 3 survivors (6144K)
 Metaspace       used 77564K, committed 78272K, reserved 1179648K
  class space    used 10548K, committed 10880K, reserved 1048576K
}
Event: 23.871 GC heap before
{Heap before GC invocations=43 (full 0):
 garbage-first heap   total 145408K, used 108413K [0x0000000700000000, 0x0000000800000000)
  region size 2048K, 21 young (43008K), 3 survivors (6144K)
 Metaspace       used 80141K, committed 80832K, reserved 1179648K
  class space    used 10884K, committed 11200K, reserved 1048576K
}
Event: 23.879 GC heap after
{Heap after GC invocations=44 (full 0):
 garbage-first heap   total 145408K, used 73504K [0x0000000700000000, 0x0000000800000000)
  region size 2048K, 2 young (4096K), 2 survivors (4096K)
 Metaspace       used 80141K, committed 80832K, reserved 1179648K
  class space    used 10884K, committed 11200K, reserved 1048576K
}
Event: 24.961 GC heap before
{Heap before GC invocations=45 (full 0):
 garbage-first heap   total 145408K, used 108320K [0x0000000700000000, 0x0000000800000000)
  region size 2048K, 19 young (38912K), 2 survivors (4096K)
 Metaspace       used 82754K, committed 83392K, reserved 1179648K
  class space    used 11235K, committed 11520K, reserved 1048576K
}
Event: 24.967 GC heap after
{Heap after GC invocations=46 (full 0):
 garbage-first heap   total 145408K, used 74486K [0x0000000700000000, 0x0000000800000000)
  region size 2048K, 2 young (4096K), 2 survivors (4096K)
 Metaspace       used 82754K, committed 83392K, reserved 1179648K
  class space    used 11235K, committed 11520K, reserved 1048576K
}
Event: 24.969 GC heap before
{Heap before GC invocations=46 (full 0):
 garbage-first heap   total 145408K, used 74486K [0x0000000700000000, 0x0000000800000000)
  region size 2048K, 3 young (6144K), 2 survivors (4096K)
 Metaspace       used 82756K, committed 83392K, reserved 1179648K
  class space    used 11236K, committed 11520K, reserved 1048576K
}
Event: 24.974 GC heap after
{Heap after GC invocations=47 (full 0):
 garbage-first heap   total 145408K, used 74669K [0x0000000700000000, 0x0000000800000000)
  region size 2048K, 1 young (2048K), 1 survivors (2048K)
 Metaspace       used 82756K, committed 83392K, reserved 1179648K
  class space    used 11236K, committed 11520K, reserved 1048576K
}
Event: 25.885 GC heap before
{Heap before GC invocations=48 (full 0):
 garbage-first heap   total 145408K, used 117677K [0x0000000700000000, 0x0000000800000000)
  region size 2048K, 20 young (40960K), 1 survivors (2048K)
 Metaspace       used 83974K, committed 84672K, reserved 1179648K
  class space    used 11409K, committed 11712K, reserved 1048576K
}
Event: 25.895 GC heap after
{Heap after GC invocations=49 (full 0):
 garbage-first heap   total 145408K, used 82465K [0x0000000700000000, 0x0000000800000000)
  region size 2048K, 3 young (6144K), 3 survivors (6144K)
 Metaspace       used 83974K, committed 84672K, reserved 1179648K
  class space    used 11409K, committed 11712K, reserved 1048576K
}
Event: 26.603 GC heap before
{Heap before GC invocations=49 (full 0):
 garbage-first heap   total 145408K, used 115233K [0x0000000700000000, 0x0000000800000000)
  region size 2048K, 19 young (38912K), 3 survivors (6144K)
 Metaspace       used 84383K, committed 85056K, reserved 1179648K
  class space    used 11436K, committed 11776K, reserved 1048576K
}
Event: 26.617 GC heap after
{Heap after GC invocations=50 (full 0):
 garbage-first heap   total 145408K, used 84838K [0x0000000700000000, 0x0000000800000000)
  region size 2048K, 2 young (4096K), 2 survivors (4096K)
 Metaspace       used 84383K, committed 85056K, reserved 1179648K
  class space    used 11436K, committed 11776K, reserved 1048576K
}
Event: 27.013 GC heap before
{Heap before GC invocations=51 (full 0):
 garbage-first heap   total 157696K, used 97126K [0x0000000700000000, 0x0000000800000000)
  region size 2048K, 10 young (20480K), 2 survivors (4096K)
 Metaspace       used 84427K, committed 85184K, reserved 1179648K
  class space    used 11436K, committed 11776K, reserved 1048576K
}
Event: 27.019 GC heap after
{Heap after GC invocations=52 (full 0):
 garbage-first heap   total 157696K, used 90112K [0x0000000700000000, 0x0000000800000000)
  region size 2048K, 3 young (6144K), 3 survivors (6144K)
 Metaspace       used 84427K, committed 85184K, reserved 1179648K
  class space    used 11436K, committed 11776K, reserved 1048576K
}

